<?xml version="1.0" encoding="UTF-8"?>
<!-- Generated by org.testng.reporters.JUnitReportReporter -->
<testsuite hostname="ROHITH" failures="0" tests="2" name="NewPKG.TC009_TestNG2" time="0.012" errors="0" timestamp="2025-08-26T10:48:29 IST" skipped="0">
  <testcase classname="NewPKG.TC009_TestNG2" name="f" time="0.008"/>
  <testcase classname="NewPKG.TC009_TestNG2" name="f" time="0.004"/>
</testsuite> <!-- NewPKG.TC009_TestNG2 -->
