<?xml version="1.0" encoding="UTF-8"?>
<!-- Generated by org.testng.reporters.JUnitReportReporter -->
<testsuite hostname="ROHITH" failures="0" tests="1" name="NewPKG.TC_Screenshot" time="11.573" errors="0" timestamp="2025-09-02T09:45:57 IST" skipped="0">
  <testcase classname="NewPKG.TC_Screenshot" name="screenshottest" time="11.573"/>
</testsuite> <!-- NewPKG.TC_Screenshot -->
