<?xml version="1.0" encoding="UTF-8"?>
<!-- Generated by org.testng.reporters.JUnitReportReporter -->
<testsuite hostname="ROHITH" failures="0" tests="2" name="NewPKG.LAB08_TestNG_a" time="7.285" errors="0" timestamp="2025-08-28T11:10:28 IST" skipped="0">
  <testcase classname="NewPKG.LAB08_TestNG_a" name="f" time="3.630"/>
  <testcase classname="NewPKG.LAB08_TestNG_a" name="f" time="3.655"/>
</testsuite> <!-- NewPKG.LAB08_TestNG_a -->
