<?xml version="1.0" encoding="UTF-8"?>
<!-- Generated by org.testng.reporters.JUnitReportReporter -->
<testsuite hostname="ROHITH" failures="0" tests="1" name="Smoke_Test.TC_Ecom_smoke_08" time="12.719" errors="0" timestamp="2025-08-29T10:28:26 IST" skipped="0">
  <testcase classname="Smoke_Test.TC_Ecom_smoke_08" name="f" time="12.719"/>
  <system-out/>
</testsuite> <!-- Smoke_Test.TC_Ecom_smoke_08 -->
