<?xml version="1.0" encoding="UTF-8"?>
<!-- Generated by org.testng.reporters.JUnitReportReporter -->
<testsuite hostname="ROHITH" failures="0" tests="1" name="Smoke_Test.TC_ECom_Reg_01" time="13.842" errors="0" timestamp="2025-08-28T16:25:27 IST" skipped="0">
  <testcase classname="Smoke_Test.TC_ECom_Reg_01" name="f" time="13.842"/>
  <system-out/>
</testsuite> <!-- Smoke_Test.TC_ECom_Reg_01 -->
