<?xml version="1.0" encoding="UTF-8"?>
<!-- Generated by org.testng.reporters.JUnitReportReporter -->
<testsuite hostname="ROHITH" failures="0" tests="1" name="Smoke_Test.TC_Ecom_smoke_03" time="8.406" errors="0" timestamp="2025-08-29T09:07:42 IST" skipped="0">
  <testcase classname="Smoke_Test.TC_Ecom_smoke_03" name="f" time="8.406"/>
  <system-out/>
</testsuite> <!-- Smoke_Test.TC_Ecom_smoke_03 -->
