<?xml version="1.0" encoding="UTF-8"?>
<!-- Generated by org.testng.reporters.JUnitReportReporter -->
<testsuite hostname="ROHITH" failures="0" tests="2" name="com.orangehrm.tests.Login_orangehrm" time="35.750" errors="0" timestamp="2025-09-02T14:23:58 IST" skipped="0">
  <testcase classname="com.orangehrm.tests.Login_orangehrm" name="verifyLogin" time="7.506"/>
  <testcase classname="com.orangehrm.tests.Login_orangehrm" name="verifyLogin" time="28.244"/>
</testsuite> <!-- com.orangehrm.tests.Login_orangehrm -->
