<?xml version="1.0" encoding="UTF-8"?>
<!-- Generated by org.testng.reporters.JUnitReportReporter -->
<testsuite hostname="ROHITH" failures="0" tests="1" name="Smoke_Test.TC_Ecom_smoke_05" time="11.250" errors="0" timestamp="2025-08-29T09:39:53 IST" skipped="0">
  <testcase classname="Smoke_Test.TC_Ecom_smoke_05" name="f" time="11.250"/>
  <system-out/>
</testsuite> <!-- Smoke_Test.TC_Ecom_smoke_05 -->
