<?xml version="1.0" encoding="UTF-8"?>
<!-- Generated by org.testng.reporters.JUnitReportReporter -->
<testsuite hostname="ROHITH" failures="0" tests="1" name="Smoke_Test.TC_Ecom_smoke_09" time="11.236" errors="0" timestamp="2025-08-29T11:40:23 IST" skipped="0">
  <testcase classname="Smoke_Test.TC_Ecom_smoke_09" name="f" time="11.236"/>
</testsuite> <!-- Smoke_Test.TC_Ecom_smoke_09 -->
