<?xml version="1.0" encoding="UTF-8"?>
<!-- Generated by org.testng.reporters.JUnitReportReporter -->
<testsuite hostname="ROHITH" failures="0" tests="1" name="Smoke_Test.TC_Ecom_smoke_07" time="10.768" errors="0" timestamp="2025-08-29T10:16:39 IST" skipped="0">
  <testcase classname="Smoke_Test.TC_Ecom_smoke_07" name="f" time="10.768"/>
  <system-out/>
</testsuite> <!-- Smoke_Test.TC_Ecom_smoke_07 -->
