<?xml version="1.0" encoding="UTF-8"?>
<!-- Generated by org.testng.reporters.JUnitReportReporter -->
<testsuite hostname="ROHITH" failures="0" tests="1" name="Smoke_Test.TC_Ecom_smoke_14" time="28.375" errors="0" timestamp="2025-08-29T21:35:57 IST" skipped="0">
  <testcase classname="Smoke_Test.TC_Ecom_smoke_14" name="f" time="28.375"/>
</testsuite> <!-- Smoke_Test.TC_Ecom_smoke_14 -->
