<?xml version="1.0" encoding="UTF-8"?>
<!-- Generated by org.testng.reporters.JUnitReportReporter -->
<testsuite hostname="ROHITH" failures="0" tests="1" name="Package.Sample_TC002" time="9.460" errors="0" timestamp="2025-08-28T15:47:50 IST" skipped="0">
  <testcase classname="Package.Sample_TC002" name="Test" time="9.460"/>
  <system-out/>
</testsuite> <!-- Package.Sample_TC002 -->
