<?xml version="1.0" encoding="UTF-8"?>
<!-- Generated by org.testng.reporters.JUnitReportReporter -->
<testsuite hostname="ROHITH" failures="0" tests="1" name="Package.Sample_TC0001" time="10.428" errors="0" timestamp="2025-08-28T15:34:31 IST" skipped="0">
  <testcase classname="Package.Sample_TC0001" name="Test" time="10.428"/>
  <system-out/>
</testsuite> <!-- Package.Sample_TC0001 -->
