<?xml version="1.0" encoding="UTF-8"?>
<!-- Generated by org.testng.reporters.JUnitReportReporter -->
<testsuite hostname="ROHITH" failures="0" tests="1" name="Smoke_Test.TC_Ecom_smoke_15" time="20.409" errors="0" timestamp="2025-08-29T21:40:30 IST" skipped="0">
  <testcase classname="Smoke_Test.TC_Ecom_smoke_15" name="f" time="20.409"/>
</testsuite> <!-- Smoke_Test.TC_Ecom_smoke_15 -->
