<?xml version="1.0" encoding="UTF-8"?>
<!-- Generated by org.testng.reporters.JUnitReportReporter -->
<testsuite hostname="ROHITH" failures="0" tests="1" name="Smoke_Test.TC_Ecom_smoke_13" time="13.376" errors="0" timestamp="2025-08-29T21:23:33 IST" skipped="0">
  <testcase classname="Smoke_Test.TC_Ecom_smoke_13" name="f" time="13.376"/>
</testsuite> <!-- Smoke_Test.TC_Ecom_smoke_13 -->
