<?xml version="1.0" encoding="UTF-8"?>
<!-- Generated by org.testng.reporters.JUnitReportReporter -->
<testsuite hostname="ROHITH" failures="0" tests="1" name="Smoke_Test.TC_Ecom_smoke_06" time="9.461" errors="0" timestamp="2025-08-29T10:15:41 IST" skipped="0">
  <testcase classname="Smoke_Test.TC_Ecom_smoke_06" name="f" time="9.461"/>
  <system-out/>
</testsuite> <!-- Smoke_Test.TC_Ecom_smoke_06 -->
