<?xml version="1.0" encoding="UTF-8"?>
<!-- Generated by org.testng.reporters.JUnitReportReporter -->
<testsuite hostname="ROHITH" failures="0" tests="1" name="Smoke_Test.TC_Ecom_smoke_10" time="30.009" errors="0" timestamp="2025-08-29T20:46:26 IST" skipped="0">
  <testcase classname="Smoke_Test.TC_Ecom_smoke_10" name="f" time="30.009"/>
</testsuite> <!-- Smoke_Test.TC_Ecom_smoke_10 -->
