<?xml version="1.0" encoding="UTF-8"?>
<!-- Generated by org.testng.reporters.JUnitReportReporter -->
<testsuite hostname="ROHITH" failures="0" tests="2" name="com.orangehrm.tests.Login_orangehrm2" time="44.025" errors="0" timestamp="2025-09-02T19:01:20 IST" skipped="0">
  <testcase classname="com.orangehrm.tests.Login_orangehrm2" name="verifyLogin" time="33.244"/>
  <testcase classname="com.orangehrm.tests.Login_orangehrm2" name="verifyLogin" time="10.781"/>
</testsuite> <!-- com.orangehrm.tests.Login_orangehrm2 -->
