<?xml version="1.0" encoding="UTF-8"?>
<!-- Generated by org.testng.reporters.JUnitReportReporter -->
<testsuite hostname="ROHITH" failures="0" tests="1" name="Smoke_Test.TC_Ecom_smoke_12" time="23.221" errors="0" timestamp="2025-08-29T21:09:13 IST" skipped="0">
  <testcase classname="Smoke_Test.TC_Ecom_smoke_12" name="f" time="23.221"/>
</testsuite> <!-- Smoke_Test.TC_Ecom_smoke_12 -->
